::1 - - [18/Nov/2022:01:07:56 +0300] "GET /test1.php HTTP/1.1" 404 196
::1 - - [18/Nov/2022:01:09:24 +0300] "GET /index.php HTTP/1.1" 200 75481
::1 - - [18/Nov/2022:01:09:41 +0300] "GET /index.php HTTP/1.1" 200 13
::1 - - [18/Nov/2022:14:34:44 +0300] "GET /index.php HTTP/1.1" 200 13
::1 - - [18/Nov/2022:14:34:44 +0300] "GET /favicon.ico HTTP/1.1" 404 196
::1 - - [18/Nov/2022:14:35:54 +0300] "GET /index.php HTTP/1.1" 200 13
::1 - - [18/Nov/2022:14:36:02 +0300] "GET /test.html HTTP/1.1" 200 1056
::1 - - [18/Nov/2022:14:36:02 +0300] "GET /testcss.css HTTP/1.1" 200 704
::1 - - [18/Nov/2022:14:36:02 +0300] "GET /images/background.jpg HTTP/1.1" 200 574953
::1 - - [18/Nov/2022:14:36:08 +0300] "GET /favicon.ico HTTP/1.1" 404 196
::1 - - [18/Nov/2022:14:37:38 +0300] "GET /test.html HTTP/1.1" 200 1058
::1 - - [18/Nov/2022:14:37:58 +0300] "GET /test.html HTTP/1.1" 200 1066
::1 - - [18/Nov/2022:14:38:12 +0300] "GET /test.html HTTP/1.1" 200 1066
::1 - - [18/Nov/2022:14:39:00 +0300] "GET /test.html HTTP/1.1" 200 1094
::1 - - [18/Nov/2022:14:39:08 +0300] "GET /test.html HTTP/1.1" 200 1092
::1 - - [18/Nov/2022:14:40:31 +0300] "GET /test.html HTTP/1.1" 304 -
::1 - - [18/Nov/2022:14:40:55 +0300] "GET /test.html HTTP/1.1" 304 -
::1 - - [18/Nov/2022:14:41:01 +0300] "GET /test.html HTTP/1.1" 200 1066
::1 - - [18/Nov/2022:14:41:09 +0300] "GET /test.html HTTP/1.1" 304 -
::1 - - [18/Nov/2022:14:41:12 +0300] "GET /test.html HTTP/1.1" 200 1058
::1 - - [18/Nov/2022:14:41:29 +0300] "GET /test.html HTTP/1.1" 304 -
::1 - - [18/Nov/2022:14:41:35 +0300] "GET /test.html HTTP/1.1" 200 1066
::1 - - [18/Nov/2022:14:41:50 +0300] "GET /test.html HTTP/1.1" 304 -
::1 - - [18/Nov/2022:14:42:34 +0300] "GET /test.html HTTP/1.1" 304 -
::1 - - [18/Nov/2022:14:43:47 +0300] "GET /test.html HTTP/1.1" 304 -
::1 - - [18/Nov/2022:14:43:56 +0300] "GET /test.html HTTP/1.1" 304 -
::1 - - [18/Nov/2022:14:45:18 +0300] "GET /test.html HTTP/1.1" 304 -
::1 - - [18/Nov/2022:14:45:41 +0300] "GET /test.html HTTP/1.1" 304 -
::1 - - [18/Nov/2022:14:45:47 +0300] "GET /test.html HTTP/1.1" 304 -
::1 - - [18/Nov/2022:14:45:59 +0300] "GET /test.html HTTP/1.1" 304 -
::1 - - [18/Nov/2022:14:46:20 +0300] "GET /test.html HTTP/1.1" 200 1068
::1 - - [18/Nov/2022:14:47:00 +0300] "GET /test.html HTTP/1.1" 200 1056
::1 - - [18/Nov/2022:14:55:56 +0300] "GET /test.html HTTP/1.1" 304 -
::1 - - [18/Nov/2022:14:56:55 +0300] "GET /test.html HTTP/1.1" 304 -
::1 - - [18/Nov/2022:14:58:27 +0300] "GET /test.html HTTP/1.1" 304 -
::1 - - [18/Nov/2022:14:59:53 +0300] "GET /test.html HTTP/1.1" 304 -
::1 - - [18/Nov/2022:15:01:41 +0300] "GET /test.html HTTP/1.1" 304 -
::1 - - [18/Nov/2022:15:01:45 +0300] "GET /test.html HTTP/1.1" 304 -
::1 - - [18/Nov/2022:15:05:59 +0300] "GET /test.html HTTP/1.1" 304 -
::1 - - [18/Nov/2022:15:08:00 +0300] "GET /test.html HTTP/1.1" 200 1056
::1 - - [18/Nov/2022:15:08:00 +0300] "GET /testcss.css HTTP/1.1" 200 661
::1 - - [18/Nov/2022:15:08:01 +0300] "GET /images/background.jpg HTTP/1.1" 200 574953
::1 - - [18/Nov/2022:16:28:16 +0300] "GET /testcss.css HTTP/1.1" 304 -
::1 - - [18/Nov/2022:16:28:19 +0300] "GET /favicon.ico HTTP/1.1" 404 196
::1 - - [18/Nov/2022:16:30:51 +0300] "GET /index.php HTTP/1.1" 200 13
::1 - - [18/Nov/2022:16:31:25 +0300] "GET /index.php HTTP/1.1" 200 74043
::1 - - [18/Nov/2022:16:35:51 +0300] "GET /index.php HTTP/1.1" 200 123
::1 - - [18/Nov/2022:16:41:43 +0300] "GET /index.php HTTP/1.1" 200 123
::1 - - [18/Nov/2022:16:41:57 +0300] "GET /index.php HTTP/1.1" 200 74043
::1 - - [18/Nov/2022:16:44:27 +0300] "GET /index.php HTTP/1.1" 200 111
::1 - - [18/Nov/2022:16:45:06 +0300] "GET /index.php HTTP/1.1" 200 111
::1 - - [18/Nov/2022:16:52:59 +0300] "GET /index.php HTTP/1.1" 200 111
::1 - - [18/Nov/2022:16:53:13 +0300] "GET /index.html HTTP/1.1" 200 255
::1 - - [18/Nov/2022:16:54:04 +0300] "GET /index.html HTTP/1.1" 200 300
::1 - - [18/Nov/2022:16:54:17 +0300] "POST /action.php HTTP/1.1" 404 196
::1 - - [18/Nov/2022:16:59:38 +0300] "POST /action.php HTTP/1.1" 200 288
::1 - - [18/Nov/2022:17:00:00 +0300] "POST /action.php HTTP/1.1" 200 289
::1 - - [18/Nov/2022:17:01:31 +0300] "POST /action.php HTTP/1.1" 200 52
::1 - - [18/Nov/2022:17:02:00 +0300] "POST /action.php HTTP/1.1" 200 91
::1 - - [18/Nov/2022:17:04:06 +0300] "POST /action.php HTTP/1.1" 200 51
::1 - - [18/Nov/2022:17:05:41 +0300] "POST /action.php HTTP/1.1" 200 56
::1 - - [18/Nov/2022:17:06:18 +0300] "POST /action.php HTTP/1.1" 200 94
::1 - - [18/Nov/2022:17:07:20 +0300] "POST /action.php HTTP/1.1" 200 132
::1 - - [18/Nov/2022:17:07:29 +0300] "POST /action.php HTTP/1.1" 200 129
::1 - - [18/Nov/2022:17:16:05 +0300] "POST /action.php HTTP/1.1" 200 130
::1 - - [18/Nov/2022:17:16:23 +0300] "POST /action.php HTTP/1.1" 200 133
::1 - - [18/Nov/2022:17:19:16 +0300] "POST /action.php HTTP/1.1" 200 131
::1 - - [18/Nov/2022:17:19:37 +0300] "POST /action.php HTTP/1.1" 200 167
::1 - - [18/Nov/2022:17:20:34 +0300] "POST /action.php HTTP/1.1" 200 335
::1 - - [18/Nov/2022:17:20:34 +0300] "GET /images/clown.png HTTP/1.1" 200 869836
::1 - - [18/Nov/2022:17:21:49 +0300] "POST /action.php HTTP/1.1" 200 353
::1 - - [18/Nov/2022:17:21:49 +0300] "GET /images/clown.png HTTP/1.1" 304 -
::1 - - [18/Nov/2022:17:23:04 +0300] "POST /action.php HTTP/1.1" 200 364
::1 - - [18/Nov/2022:17:23:04 +0300] "GET /images/clown.png HTTP/1.1" 304 -
::1 - - [18/Nov/2022:17:23:21 +0300] "POST /action.php HTTP/1.1" 200 364
::1 - - [18/Nov/2022:17:24:10 +0300] "POST /action.php HTTP/1.1" 200 358
::1 - - [18/Nov/2022:17:24:18 +0300] "GET /index.html HTTP/1.1" 304 -
::1 - - [18/Nov/2022:17:24:29 +0300] "POST /action.php HTTP/1.1" 200 172
::1 - - [18/Nov/2022:17:26:03 +0300] "POST /action.php HTTP/1.1" 200 185
::1 - - [18/Nov/2022:17:27:36 +0300] "POST /action.php HTTP/1.1" 200 347
::1 - - [18/Nov/2022:17:27:36 +0300] "GET /images/clown.png HTTP/1.1" 304 -
::1 - - [18/Nov/2022:17:29:44 +0300] "POST /action.php HTTP/1.1" 200 155
::1 - - [18/Nov/2022:17:30:48 +0300] "POST /action.php HTTP/1.1" 200 155
::1 - - [18/Nov/2022:17:31:06 +0300] "POST /action.php HTTP/1.1" 200 345
::1 - - [18/Nov/2022:17:31:06 +0300] "GET /images/clown.png HTTP/1.1" 304 -
::1 - - [18/Nov/2022:17:31:13 +0300] "POST /action.php HTTP/1.1" 200 349
::1 - - [18/Nov/2022:17:31:17 +0300] "POST /action.php HTTP/1.1" 200 349
::1 - - [18/Nov/2022:17:31:44 +0300] "POST /action.php HTTP/1.1" 200 339
::1 - - [18/Nov/2022:17:33:02 +0300] "POST /action.php HTTP/1.1" 200 180
::1 - - [18/Nov/2022:17:37:26 +0300] "POST /action.php HTTP/1.1" 200 420
::1 - - [18/Nov/2022:17:37:26 +0300] "GET /images/gigachad.jpg HTTP/1.1" 200 81458
::1 - - [18/Nov/2022:17:38:48 +0300] "POST /action.php HTTP/1.1" 200 397
::1 - - [18/Nov/2022:17:38:48 +0300] "GET /images/gigachad.jpg HTTP/1.1" 304 -
::1 - - [18/Nov/2022:17:39:34 +0300] "POST /action.php HTTP/1.1" 200 382
::1 - - [18/Nov/2022:17:39:34 +0300] "GET /images/gigachad.jpg HTTP/1.1" 304 -
::1 - - [18/Nov/2022:17:41:18 +0300] "POST /action.php HTTP/1.1" 200 345
::1 - - [18/Nov/2022:17:41:18 +0300] "GET /images/gigachad.jpg HTTP/1.1" 304 -
::1 - - [18/Nov/2022:17:41:34 +0300] "POST /action.php HTTP/1.1" 200 294
::1 - - [18/Nov/2022:17:41:34 +0300] "GET /images/clown.png HTTP/1.1" 304 -
::1 - - [18/Nov/2022:17:42:59 +0300] "POST /action.php HTTP/1.1" 200 294
::1 - - [19/Nov/2022:15:04:38 +0300] "GET / HTTP/1.1" 200 272
::1 - - [19/Nov/2022:15:04:38 +0300] "GET /favicon.ico HTTP/1.1" 404 196
::1 - - [19/Nov/2022:15:04:43 +0300] "GET / HTTP/1.1" 200 272
::1 - - [19/Nov/2022:15:05:16 +0300] "GET /FrozenProjects/index.htmml HTTP/1.1" 404 196
::1 - - [19/Nov/2022:15:05:21 +0300] "GET /FrozenProjects/index.html HTTP/1.1" 200 300
::1 - - [19/Nov/2022:15:05:25 +0300] "POST /FrozenProjects/action.php HTTP/1.1" 200 291
::1 - - [19/Nov/2022:15:05:25 +0300] "GET /FrozenProjects/images/clown.png HTTP/1.1" 404 196
::1 - - [19/Nov/2022:15:07:55 +0300] "POST /FrozenProjects/action.php HTTP/1.1" 200 304
::1 - - [19/Nov/2022:15:07:57 +0300] "POST /FrozenProjects/action.php HTTP/1.1" 200 304
::1 - - [19/Nov/2022:15:10:16 +0300] "POST /FrozenProjects/action.php HTTP/1.1" 200 292
::1 - - [19/Nov/2022:15:10:16 +0300] "GET /images/clown.png HTTP/1.1" 200 869836
::1 - - [19/Nov/2022:15:10:45 +0300] "POST /FrozenProjects/action.php HTTP/1.1" 200 293
::1 - - [19/Nov/2022:15:10:53 +0300] "POST /FrozenProjects/action.php HTTP/1.1" 200 346
::1 - - [19/Nov/2022:15:10:53 +0300] "GET /images/gigachad.jpg HTTP/1.1" 200 81458
::1 - - [19/Nov/2022:15:27:20 +0300] "POST /FrozenProjects/action.php HTTP/1.1" 200 346
::1 - - [19/Nov/2022:15:27:52 +0300] "POST /FrozenProjects/action.php HTTP/1.1" 200 346
::1 - - [19/Nov/2022:15:28:05 +0300] "POST /FrozenProjects/action.php HTTP/1.1" 200 295
::1 - - [19/Nov/2022:15:29:08 +0300] "POST /FrozenProjects/action.php HTTP/1.1" 200 186
::1 - - [19/Nov/2022:15:33:13 +0300] "POST /FrozenProjects/action.php HTTP/1.1" 200 293
::1 - - [19/Nov/2022:15:33:25 +0300] "GET /index.html HTTP/1.1" 404 196
::1 - - [19/Nov/2022:16:09:04 +0300] "GET /FrozenProjects/index.html HTTP/1.1" 304 -
::1 - - [19/Nov/2022:16:09:13 +0300] "GET /index.php HTTP/1.1" 200 272
::1 - - [19/Nov/2022:16:09:14 +0300] "GET /index.php HTTP/1.1" 200 272
::1 - - [19/Nov/2022:16:10:01 +0300] "GET /index.php HTTP/1.1" 200 933
::1 - - [19/Nov/2022:16:10:01 +0300] "GET /css/style.css HTTP/1.1" 200 -
::1 - - [19/Nov/2022:16:12:45 +0300] "GET /index.php HTTP/1.1" 200 846
::1 - - [19/Nov/2022:16:18:22 +0300] "GET /index.php HTTP/1.1" 200 835
::1 - - [19/Nov/2022:16:18:22 +0300] "GET /css/style.css HTTP/1.1" 304 -
::1 - - [19/Nov/2022:16:19:19 +0300] "GET /index.php HTTP/1.1" 200 846
::1 - - [19/Nov/2022:16:19:27 +0300] "GET /index.php HTTP/1.1" 200 835
::1 - - [19/Nov/2022:16:50:31 +0300] "GET /index.php HTTP/1.1" 200 835
::1 - - [19/Nov/2022:16:50:31 +0300] "GET /css/style.css HTTP/1.1" 304 -
::1 - - [20/Nov/2022:11:23:57 +0300] "GET /index.php HTTP/1.1" 200 835
::1 - - [20/Nov/2022:11:23:57 +0300] "GET /css/style.css HTTP/1.1" 304 -
::1 - - [20/Nov/2022:11:23:58 +0300] "GET /favicon.ico HTTP/1.1" 404 196
::1 - - [20/Nov/2022:11:27:55 +0300] "GET /index.php HTTP/1.1" 200 831
::1 - - [20/Nov/2022:11:28:12 +0300] "GET /index.php HTTP/1.1" 200 831
::1 - - [20/Nov/2022:11:28:12 +0300] "GET /css/style.css HTTP/1.1" 200 -
::1 - - [20/Nov/2022:12:01:25 +0300] "GET /phpMyadmin/index.php HTTP/1.1" 404 196
::1 - - [20/Nov/2022:12:44:01 +0300] "GET / HTTP/1.1" 200 526
::1 - - [20/Nov/2022:12:44:02 +0300] "GET /css/style.css HTTP/1.1" 200 -
::1 - - [20/Nov/2022:12:44:16 +0300] "GET / HTTP/1.1" 200 526
::1 - - [20/Nov/2022:12:44:17 +0300] "GET / HTTP/1.1" 200 526
::1 - - [20/Nov/2022:12:44:24 +0300] "GET /index.php HTTP/1.1" 200 526
::1 - - [20/Nov/2022:12:48:28 +0300] "GET /index.php HTTP/1.1" 200 526
::1 - - [20/Nov/2022:12:48:28 +0300] "GET /css/style.css HTTP/1.1" 200 -
::1 - - [20/Nov/2022:12:49:10 +0300] "GET /index.php HTTP/1.1" 200 526
::1 - - [20/Nov/2022:12:51:02 +0300] "GET /index.php HTTP/1.1" 200 958
::1 - - [20/Nov/2022:12:52:49 +0300] "GET /index.php HTTP/1.1" 200 533
::1 - - [20/Nov/2022:12:53:56 +0300] "GET /index.php HTTP/1.1" 200 998
::1 - - [20/Nov/2022:12:54:19 +0300] "GET /index.php HTTP/1.1" 200 842
::1 - - [20/Nov/2022:12:54:21 +0300] "GET /auth.php HTTP/1.1" 200 158
::1 - - [20/Nov/2022:12:54:41 +0300] "GET /auth.php HTTP/1.1" 200 200
::1 - - [20/Nov/2022:12:55:05 +0300] "GET /auth.php HTTP/1.1" 200 911
::1 - - [20/Nov/2022:12:55:17 +0300] "POST /check.php HTTP/1.1" 200 140
::1 - - [20/Nov/2022:12:56:44 +0300] "POST /check.php HTTP/1.1" 200 130
::1 - - [20/Nov/2022:12:57:01 +0300] "POST /check.php HTTP/1.1" 200 130
::1 - - [20/Nov/2022:12:57:05 +0300] "POST /check.php HTTP/1.1" 200 130
::1 - - [20/Nov/2022:12:57:39 +0300] "POST /check.php HTTP/1.1" 200 199
::1 - - [20/Nov/2022:13:00:34 +0300] "POST /check.php HTTP/1.1" 200 160
::1 - - [20/Nov/2022:13:04:17 +0300] "POST /check.php HTTP/1.1" 302 -
::1 - - [20/Nov/2022:13:04:17 +0300] "GET / HTTP/1.1" 200 846
::1 - - [20/Nov/2022:13:04:30 +0300] "GET / HTTP/1.1" 200 846
::1 - - [20/Nov/2022:13:04:36 +0300] "GET / HTTP/1.1" 200 846
::1 - - [20/Nov/2022:13:12:31 +0300] "GET / HTTP/1.1" 200 838
::1 - - [20/Nov/2022:13:12:34 +0300] "GET /logout.php HTTP/1.1" 302 -
::1 - - [20/Nov/2022:13:12:34 +0300] "GET / HTTP/1.1" 200 842
::1 - - [20/Nov/2022:13:12:39 +0300] "GET / HTTP/1.1" 200 842
::1 - - [20/Nov/2022:13:12:40 +0300] "GET /auth.php HTTP/1.1" 200 911
::1 - - [20/Nov/2022:13:12:54 +0300] "POST /check.php HTTP/1.1" 200 -
::1 - - [20/Nov/2022:13:14:02 +0300] "POST /check.php HTTP/1.1" 200 133
::1 - - [20/Nov/2022:13:14:26 +0300] "POST /check.php HTTP/1.1" 200 133
::1 - - [20/Nov/2022:13:14:40 +0300] "POST /check.php HTTP/1.1" 200 133
::1 - - [20/Nov/2022:13:15:20 +0300] "POST /check.php HTTP/1.1" 200 99
::1 - - [20/Nov/2022:13:15:37 +0300] "POST /check.php HTTP/1.1" 200 158
::1 - - [20/Nov/2022:13:17:35 +0300] "POST /check.php HTTP/1.1" 200 135
::1 - - [20/Nov/2022:13:17:50 +0300] "POST /check.php HTTP/1.1" 200 135
::1 - - [20/Nov/2022:13:18:19 +0300] "POST /check.php HTTP/1.1" 302 -
::1 - - [20/Nov/2022:13:18:19 +0300] "GET /auth.php HTTP/1.1" 200 911
::1 - - [20/Nov/2022:13:18:34 +0300] "POST /check.php HTTP/1.1" 302 -
::1 - - [20/Nov/2022:13:18:34 +0300] "GET /auth.php HTTP/1.1" 200 911
::1 - - [20/Nov/2022:13:20:01 +0300] "POST /check.php HTTP/1.1" 302 -
::1 - - [20/Nov/2022:13:20:01 +0300] "GET /auth.php HTTP/1.1" 200 911
::1 - - [20/Nov/2022:13:20:36 +0300] "POST /check.php HTTP/1.1" 302 -
::1 - - [20/Nov/2022:13:20:36 +0300] "GET /auth.php HTTP/1.1" 200 911
::1 - - [20/Nov/2022:13:22:14 +0300] "POST /check.php HTTP/1.1" 302 -
::1 - - [20/Nov/2022:13:22:14 +0300] "GET /auth.php HTTP/1.1" 200 917
::1 - - [20/Nov/2022:13:23:24 +0300] "GET /auth.php HTTP/1.1" 200 917
::1 - - [20/Nov/2022:13:26:48 +0300] "GET /auth.php HTTP/1.1" 200 911
::1 - - [20/Nov/2022:13:26:58 +0300] "POST /check.php HTTP/1.1" 302 -
::1 - - [20/Nov/2022:13:26:58 +0300] "GET /auth.php HTTP/1.1" 200 911
::1 - - [20/Nov/2022:13:29:45 +0300] "POST /check.php HTTP/1.1" 302 -
::1 - - [20/Nov/2022:13:29:45 +0300] "GET /auth.php HTTP/1.1" 200 911
::1 - - [20/Nov/2022:13:31:06 +0300] "POST /check.php HTTP/1.1" 200 172
::1 - - [20/Nov/2022:13:31:50 +0300] "POST /check.php HTTP/1.1" 302 -
::1 - - [20/Nov/2022:13:31:50 +0300] "GET /auth.php HTTP/1.1" 200 911
::1 - - [20/Nov/2022:13:31:53 +0300] "POST /check.php HTTP/1.1" 302 -
::1 - - [20/Nov/2022:13:31:53 +0300] "GET /auth.php HTTP/1.1" 200 911
::1 - - [20/Nov/2022:13:32:55 +0300] "POST /check.php HTTP/1.1" 302 -
::1 - - [20/Nov/2022:13:32:55 +0300] "GET /auth.php HTTP/1.1" 200 911
::1 - - [20/Nov/2022:13:33:58 +0300] "POST /check.php HTTP/1.1" 302 -
::1 - - [20/Nov/2022:13:33:58 +0300] "GET /auth.php HTTP/1.1" 200 917
::1 - - [20/Nov/2022:13:34:41 +0300] "POST /check.php HTTP/1.1" 302 -
::1 - - [20/Nov/2022:13:34:41 +0300] "GET /auth.php HTTP/1.1" 200 911
::1 - - [20/Nov/2022:13:37:00 +0300] "POST /check.php HTTP/1.1" 302 -
::1 - - [20/Nov/2022:13:37:00 +0300] "GET /auth.php HTTP/1.1" 200 911
::1 - - [20/Nov/2022:13:37:25 +0300] "POST /check.php HTTP/1.1" 302 -
::1 - - [20/Nov/2022:13:37:25 +0300] "GET / HTTP/1.1" 200 838
::1 - - [20/Nov/2022:13:37:26 +0300] "GET /logout.php HTTP/1.1" 302 -
::1 - - [20/Nov/2022:13:37:26 +0300] "GET / HTTP/1.1" 200 842
::1 - - [20/Nov/2022:13:37:28 +0300] "GET /auth.php HTTP/1.1" 200 911
::1 - - [20/Nov/2022:13:37:29 +0300] "GET /registr.php HTTP/1.1" 200 782
::1 - - [20/Nov/2022:13:37:41 +0300] "GET /check.php?email=12%40mail.ru&password=12&continue=%D0%9E%D1%82%D0%BF%D1%80%D0%B0%D0%B2%D0%B8%D1%82%D1%8C HTTP/1.1" 200 208
::1 - - [20/Nov/2022:13:39:52 +0300] "GET /check.php?email=12%40mail.ru&password=12&continue=%D0%9E%D1%82%D0%BF%D1%80%D0%B0%D0%B2%D0%B8%D1%82%D1%8C HTTP/1.1" 200 155
::1 - - [20/Nov/2022:13:40:39 +0300] "GET /check.php?email=12%40mail.ru&password=12&continue=%D0%9E%D1%82%D0%BF%D1%80%D0%B0%D0%B2%D0%B8%D1%82%D1%8C HTTP/1.1" 200 208
::1 - - [20/Nov/2022:18:57:39 +0300] "GET /check.php?email=12%40mail.ru&password=12&continue=%D0%9E%D1%82%D0%BF%D1%80%D0%B0%D0%B2%D0%B8%D1%82%D1%8C HTTP/1.1" 200 155
::1 - - [20/Nov/2022:18:57:39 +0300] "GET /favicon.ico HTTP/1.1" 404 196
::1 - - [20/Nov/2022:18:58:48 +0300] "GET /check.php?email=12%40mail.ru&password=12&continue=%D0%9E%D1%82%D0%BF%D1%80%D0%B0%D0%B2%D0%B8%D1%82%D1%8C HTTP/1.1" 200 155
::1 - - [20/Nov/2022:18:58:49 +0300] "GET /check.php?email=12%40mail.ru&password=12&continue=%D0%9E%D1%82%D0%BF%D1%80%D0%B0%D0%B2%D0%B8%D1%82%D1%8C HTTP/1.1" 200 155
::1 - - [20/Nov/2022:18:59:17 +0300] "GET /check.php?email=12%40mail.ru&password=12&continue=%D0%9E%D1%82%D0%BF%D1%80%D0%B0%D0%B2%D0%B8%D1%82%D1%8C HTTP/1.1" 200 155
::1 - - [20/Nov/2022:19:00:40 +0300] "GET /check.php?email=12%40mail.ru&password=12&continue=%D0%9E%D1%82%D0%BF%D1%80%D0%B0%D0%B2%D0%B8%D1%82%D1%8C HTTP/1.1" 200 208
::1 - - [20/Nov/2022:19:01:19 +0300] "GET / HTTP/1.1" 200 842
::1 - - [20/Nov/2022:19:01:19 +0300] "GET /css/style.css HTTP/1.1" 304 -
::1 - - [20/Nov/2022:19:01:20 +0300] "GET /auth.php HTTP/1.1" 200 911
::1 - - [20/Nov/2022:19:01:21 +0300] "GET /registr.php HTTP/1.1" 200 782
::1 - - [20/Nov/2022:19:01:28 +0300] "GET /check.php?email=trololo335417%40mail.ru&password=123%40mail.ru&continue=%D0%9E%D1%82%D0%BF%D1%80%D0%B0%D0%B2%D0%B8%D1%82%D1%8C HTTP/1.1" 200 208
::1 - - [20/Nov/2022:19:13:14 +0300] "GET /check.php?email=trololo335417%40mail.ru&password=123%40mail.ru&continue=%D0%9E%D1%82%D0%BF%D1%80%D0%B0%D0%B2%D0%B8%D1%82%D1%8C HTTP/1.1" 200 135
::1 - - [20/Nov/2022:19:14:04 +0300] "GET /check.php?email=trololo335417%40mail.ru&password=123%40mail.ru&continue=%D0%9E%D1%82%D0%BF%D1%80%D0%B0%D0%B2%D0%B8%D1%82%D1%8C HTTP/1.1" 200 99
::1 - - [20/Nov/2022:19:14:32 +0300] "GET /check.php?email=trololo335417%40mail.ru&password=123%40mail.ru&continue=%D0%9E%D1%82%D0%BF%D1%80%D0%B0%D0%B2%D0%B8%D1%82%D1%8C HTTP/1.1" 200 208
::1 - - [20/Nov/2022:19:16:39 +0300] "GET /check.php?email=trololo335417%40mail.ru&password=123%40mail.ru&continue=%D0%9E%D1%82%D0%BF%D1%80%D0%B0%D0%B2%D0%B8%D1%82%D1%8C HTTP/1.1" 302 -
::1 - - [20/Nov/2022:19:16:39 +0300] "GET /auth HTTP/1.1" 404 196
::1 - - [20/Nov/2022:19:16:50 +0300] "GET /auth HTTP/1.1" 404 196
::1 - - [20/Nov/2022:19:16:54 +0300] "GET /auth HTTP/1.1" 404 196
::1 - - [20/Nov/2022:19:16:55 +0300] "GET /auth HTTP/1.1" 404 196
::1 - - [20/Nov/2022:19:17:09 +0300] "GET / HTTP/1.1" 200 842
::1 - - [20/Nov/2022:19:17:11 +0300] "GET /auth.php HTTP/1.1" 200 911
::1 - - [20/Nov/2022:19:17:21 +0300] "GET /registr.php HTTP/1.1" 200 782
::1 - - [20/Nov/2022:19:17:28 +0300] "GET /check.php?email=trololo335417%40mail.ru&password=123&continue=%D0%9E%D1%82%D0%BF%D1%80%D0%B0%D0%B2%D0%B8%D1%82%D1%8C HTTP/1.1" 302 -
::1 - - [20/Nov/2022:19:17:28 +0300] "GET /auth.php HTTP/1.1" 200 911
::1 - - [20/Nov/2022:19:17:34 +0300] "POST /check.php HTTP/1.1" 200 489
::1 - - [20/Nov/2022:19:18:08 +0300] "POST /check.php HTTP/1.1" 302 -
::1 - - [20/Nov/2022:19:18:08 +0300] "GET /auth.php HTTP/1.1" 200 911
::1 - - [20/Nov/2022:19:19:18 +0300] "GET /registr.php HTTP/1.1" 200 782
::1 - - [20/Nov/2022:19:19:22 +0300] "GET /check.php?email=trololo335417%40mail.ru&password=123&continue=%D0%9E%D1%82%D0%BF%D1%80%D0%B0%D0%B2%D0%B8%D1%82%D1%8C HTTP/1.1" 302 -
::1 - - [20/Nov/2022:19:19:22 +0300] "GET /auth.php HTTP/1.1" 200 911
::1 - - [20/Nov/2022:19:19:26 +0300] "POST /check.php HTTP/1.1" 302 -
::1 - - [20/Nov/2022:19:19:26 +0300] "GET /auth.php HTTP/1.1" 200 911
::1 - - [20/Nov/2022:19:19:41 +0300] "POST /check.php HTTP/1.1" 302 -
::1 - - [20/Nov/2022:19:19:41 +0300] "GET /auth.php HTTP/1.1" 200 911
::1 - - [20/Nov/2022:19:23:38 +0300] "POST /check.php HTTP/1.1" 200 133
::1 - - [20/Nov/2022:19:32:05 +0300] "POST /check.php HTTP/1.1" 200 135
::1 - - [20/Nov/2022:19:32:44 +0300] "POST /check.php HTTP/1.1" 200 109
::1 - - [20/Nov/2022:19:32:54 +0300] "POST /check.php HTTP/1.1" 302 -
::1 - - [20/Nov/2022:19:32:54 +0300] "GET / HTTP/1.1" 200 838
::1 - - [20/Nov/2022:19:32:56 +0300] "GET /logout.php HTTP/1.1" 302 -
::1 - - [20/Nov/2022:19:32:56 +0300] "GET / HTTP/1.1" 200 842
::1 - - [20/Nov/2022:19:32:56 +0300] "GET /auth.php HTTP/1.1" 200 911
::1 - - [20/Nov/2022:19:33:00 +0300] "POST /check.php HTTP/1.1" 302 -
::1 - - [20/Nov/2022:19:33:00 +0300] "GET / HTTP/1.1" 200 838
::1 - - [20/Nov/2022:19:33:01 +0300] "GET /logout.php HTTP/1.1" 302 -
::1 - - [20/Nov/2022:19:33:01 +0300] "GET / HTTP/1.1" 200 842
::1 - - [20/Nov/2022:19:33:02 +0300] "GET /auth.php HTTP/1.1" 200 911
::1 - - [20/Nov/2022:19:33:04 +0300] "GET /registr.php HTTP/1.1" 200 782
::1 - - [20/Nov/2022:19:33:17 +0300] "GET /check.php?email=cock%40mail.ru&password=4DLEIF&continue=%D0%9E%D1%82%D0%BF%D1%80%D0%B0%D0%B2%D0%B8%D1%82%D1%8C HTTP/1.1" 302 -
::1 - - [20/Nov/2022:19:33:17 +0300] "GET /auth.php HTTP/1.1" 200 911
::1 - - [20/Nov/2022:19:33:27 +0300] "POST /check.php HTTP/1.1" 302 -
::1 - - [20/Nov/2022:19:33:27 +0300] "GET /auth.php HTTP/1.1" 200 911
::1 - - [20/Nov/2022:19:33:51 +0300] "POST /check.php HTTP/1.1" 302 -
::1 - - [20/Nov/2022:19:33:51 +0300] "GET /auth.php HTTP/1.1" 200 911
::1 - - [20/Nov/2022:19:34:17 +0300] "POST /check.php HTTP/1.1" 302 -
::1 - - [20/Nov/2022:19:34:17 +0300] "GET / HTTP/1.1" 200 838
::1 - - [20/Nov/2022:19:34:18 +0300] "GET /logout.php HTTP/1.1" 302 -
::1 - - [20/Nov/2022:19:34:18 +0300] "GET / HTTP/1.1" 200 842
::1 - - [20/Nov/2022:19:34:20 +0300] "GET /auth.php HTTP/1.1" 200 911
::1 - - [20/Nov/2022:19:34:23 +0300] "POST /check.php HTTP/1.1" 302 -
::1 - - [20/Nov/2022:19:34:24 +0300] "GET / HTTP/1.1" 200 838
::1 - - [20/Nov/2022:19:34:25 +0300] "GET /logout.php HTTP/1.1" 302 -
::1 - - [20/Nov/2022:19:34:25 +0300] "GET / HTTP/1.1" 200 842
::1 - - [20/Nov/2022:19:34:26 +0300] "GET /auth.php HTTP/1.1" 200 911
::1 - - [20/Nov/2022:19:34:29 +0300] "POST /check.php HTTP/1.1" 302 -
::1 - - [20/Nov/2022:19:34:29 +0300] "GET /auth.php HTTP/1.1" 200 911
::1 - - [20/Nov/2022:19:34:40 +0300] "POST /check.php HTTP/1.1" 302 -
::1 - - [20/Nov/2022:19:34:40 +0300] "GET /auth.php HTTP/1.1" 200 911
::1 - - [20/Nov/2022:19:34:46 +0300] "GET /registr.php HTTP/1.1" 200 782
::1 - - [20/Nov/2022:19:34:54 +0300] "GET /check.php?email=cock%40mail.ru&password=123455&continue=%D0%9E%D1%82%D0%BF%D1%80%D0%B0%D0%B2%D0%B8%D1%82%D1%8C HTTP/1.1" 302 -
::1 - - [20/Nov/2022:19:34:54 +0300] "GET /auth.php HTTP/1.1" 200 911
::1 - - [20/Nov/2022:19:35:00 +0300] "POST /check.php HTTP/1.1" 302 -
::1 - - [20/Nov/2022:19:35:00 +0300] "GET / HTTP/1.1" 200 838
::1 - - [20/Nov/2022:19:35:02 +0300] "GET /logout.php HTTP/1.1" 302 -
::1 - - [20/Nov/2022:19:35:02 +0300] "GET / HTTP/1.1" 200 842
::1 - - [20/Nov/2022:19:35:03 +0300] "GET /auth.php HTTP/1.1" 200 911
::1 - - [20/Nov/2022:19:35:21 +0300] "POST /check.php HTTP/1.1" 302 -
::1 - - [20/Nov/2022:19:35:21 +0300] "GET / HTTP/1.1" 200 838
::1 - - [20/Nov/2022:19:35:22 +0300] "GET /logout.php HTTP/1.1" 302 -
::1 - - [20/Nov/2022:19:35:22 +0300] "GET / HTTP/1.1" 200 842
::1 - - [20/Nov/2022:19:35:25 +0300] "GET /auth.php HTTP/1.1" 200 911
::1 - - [20/Nov/2022:19:35:29 +0300] "GET /registr.php HTTP/1.1" 200 782
::1 - - [20/Nov/2022:19:35:42 +0300] "GET /check.php?email=12345%40mail.ru&password=cock&continue=%D0%9E%D1%82%D0%BF%D1%80%D0%B0%D0%B2%D0%B8%D1%82%D1%8C HTTP/1.1" 302 -
::1 - - [20/Nov/2022:19:35:42 +0300] "GET /auth.php HTTP/1.1" 200 911
::1 - - [20/Nov/2022:19:35:48 +0300] "POST /check.php HTTP/1.1" 302 -
::1 - - [20/Nov/2022:19:35:48 +0300] "GET /auth.php HTTP/1.1" 200 911
::1 - - [20/Nov/2022:19:39:02 +0300] "POST /check.php HTTP/1.1" 302 -
::1 - - [20/Nov/2022:19:39:02 +0300] "GET /auth.php HTTP/1.1" 200 911
::1 - - [20/Nov/2022:19:44:36 +0300] "POST /check.php HTTP/1.1" 302 -
::1 - - [20/Nov/2022:19:44:36 +0300] "GET / HTTP/1.1" 200 838
::1 - - [20/Nov/2022:19:44:48 +0300] "GET /logout.php HTTP/1.1" 302 -
::1 - - [20/Nov/2022:19:44:48 +0300] "GET / HTTP/1.1" 200 842
::1 - - [21/Nov/2022:00:09:21 +0300] "GET /index.php HTTP/1.1" 200 842
::1 - - [21/Nov/2022:00:09:21 +0300] "GET /css/style.css HTTP/1.1" 304 -
::1 - - [21/Nov/2022:00:14:59 +0300] "GET /auth.php HTTP/1.1" 200 911
::1 - - [21/Nov/2022:00:15:07 +0300] "POST /check.php HTTP/1.1" 302 -
::1 - - [21/Nov/2022:00:15:07 +0300] "GET /auth.php HTTP/1.1" 200 911
::1 - - [21/Nov/2022:00:19:32 +0300] "POST /check.php HTTP/1.1" 302 -
::1 - - [21/Nov/2022:00:19:32 +0300] "GET /auth.php HTTP/1.1" 200 911
::1 - - [21/Nov/2022:00:20:55 +0300] "GET /auth.php HTTP/1.1" 200 876
::1 - - [21/Nov/2022:00:21:22 +0300] "GET /auth.php HTTP/1.1" 200 875
::1 - - [21/Nov/2022:00:21:23 +0300] "POST /check.php HTTP/1.1" 200 821
::1 - - [21/Nov/2022:00:21:48 +0300] "POST /check.php HTTP/1.1" 200 821
::1 - - [21/Nov/2022:00:21:50 +0300] "POST /check.php HTTP/1.1" 200 821
::1 - - [21/Nov/2022:00:22:10 +0300] "POST /check.php HTTP/1.1" 200 821
::1 - - [21/Nov/2022:00:22:25 +0300] "POST /check.php HTTP/1.1" 302 -
::1 - - [21/Nov/2022:00:22:25 +0300] "GET /auth.php HTTP/1.1" 200 876
::1 - - [21/Nov/2022:00:22:32 +0300] "POST /check.php HTTP/1.1" 302 -
::1 - - [21/Nov/2022:00:22:32 +0300] "GET /auth.php HTTP/1.1" 200 876
::1 - - [21/Nov/2022:00:23:29 +0300] "POST /check.php HTTP/1.1" 200 821
::1 - - [21/Nov/2022:00:23:34 +0300] "POST /check.php HTTP/1.1" 302 -
::1 - - [21/Nov/2022:00:23:34 +0300] "GET /auth.php HTTP/1.1" 200 876
::1 - - [21/Nov/2022:00:23:40 +0300] "POST /check.php HTTP/1.1" 302 -
::1 - - [21/Nov/2022:00:23:40 +0300] "GET / HTTP/1.1" 200 838
::1 - - [21/Nov/2022:00:23:41 +0300] "GET /logout.php HTTP/1.1" 302 -
::1 - - [21/Nov/2022:00:23:41 +0300] "GET / HTTP/1.1" 200 842
::1 - - [21/Nov/2022:00:23:42 +0300] "GET /auth.php HTTP/1.1" 200 876
::1 - - [21/Nov/2022:00:27:10 +0300] "POST /check.php HTTP/1.1" 200 192
::1 - - [21/Nov/2022:00:27:28 +0300] "POST /check.php HTTP/1.1" 200 192
::1 - - [21/Nov/2022:00:27:33 +0300] "POST /check.php HTTP/1.1" 302 -
::1 - - [21/Nov/2022:00:27:33 +0300] "GET /auth.php HTTP/1.1" 200 876
::1 - - [21/Nov/2022:00:28:14 +0300] "GET /auth.php HTTP/1.1" 200 876
::1 - - [21/Nov/2022:00:29:25 +0300] "POST /check.php HTTP/1.1" 302 -
::1 - - [21/Nov/2022:00:29:25 +0300] "GET /auth.php HTTP/1.1" 200 876
::1 - - [21/Nov/2022:00:29:44 +0300] "POST /check.php HTTP/1.1" 302 -
::1 - - [21/Nov/2022:00:29:44 +0300] "GET /auth.php HTTP/1.1" 200 876
::1 - - [21/Nov/2022:00:33:15 +0300] "POST /check.php HTTP/1.1" 302 -
::1 - - [21/Nov/2022:00:33:15 +0300] "GET /auth.php HTTP/1.1" 200 156
::1 - - [21/Nov/2022:00:33:31 +0300] "GET /auth.php HTTP/1.1" 200 1041
::1 - - [21/Nov/2022:00:38:35 +0300] "GET /auth.php HTTP/1.1" 200 876
::1 - - [21/Nov/2022:00:38:37 +0300] "GET /registr.php HTTP/1.1" 200 782
::1 - - [21/Nov/2022:11:45:59 +0300] "GET /css/style.css HTTP/1.1" 304 -
::1 - - [21/Nov/2022:11:45:59 +0300] "GET /favicon.ico HTTP/1.1" 404 196
::1 - - [21/Nov/2022:11:50:06 +0300] "GET /auth.php HTTP/1.1" 200 876
::1 - - [21/Nov/2022:11:50:12 +0300] "POST /check.php HTTP/1.1" 302 -
::1 - - [21/Nov/2022:11:50:12 +0300] "GET / HTTP/1.1" 200 838
::1 - - [21/Nov/2022:11:50:13 +0300] "GET /logout.php HTTP/1.1" 302 -
::1 - - [21/Nov/2022:11:50:13 +0300] "GET / HTTP/1.1" 200 842
::1 - - [21/Nov/2022:12:21:57 +0300] "GET /index.php HTTP/1.1" 200 842
::1 - - [21/Nov/2022:12:21:57 +0300] "GET /css/style.css HTTP/1.1" 200 -
::1 - - [21/Nov/2022:12:21:57 +0300] "GET /favicon.ico HTTP/1.1" 404 196
::1 - - [21/Nov/2022:12:22:04 +0300] "GET /auth.php HTTP/1.1" 200 876
::1 - - [21/Nov/2022:12:22:04 +0300] "GET /favicon.ico HTTP/1.1" 404 196
::1 - - [21/Nov/2022:12:22:18 +0300] "POST /check.php HTTP/1.1" 302 -
::1 - - [21/Nov/2022:12:22:18 +0300] "GET / HTTP/1.1" 200 838
::1 - - [21/Nov/2022:12:22:21 +0300] "GET /logout.php HTTP/1.1" 302 -
::1 - - [21/Nov/2022:12:22:21 +0300] "GET / HTTP/1.1" 200 842
::1 - - [21/Nov/2022:12:22:23 +0300] "GET /auth.php HTTP/1.1" 200 876
::1 - - [21/Nov/2022:12:22:39 +0300] "POST /check.php HTTP/1.1" 302 -
::1 - - [21/Nov/2022:12:22:39 +0300] "GET /auth.php HTTP/1.1" 200 876
::1 - - [21/Nov/2022:12:24:54 +0300] "GET /index.php?XDEBUG_SESSION_START=netbeans-xdebug HTTP/1.1" 200 842
::1 - - [21/Nov/2022:12:25:00 +0300] "GET /auth.php HTTP/1.1" 200 876
::1 - - [21/Nov/2022:12:25:11 +0300] "POST /check.php HTTP/1.1" 200 342
::1 - - [21/Nov/2022:13:03:02 +0300] "GET /index.php HTTP/1.1" 200 842
::1 - - [21/Nov/2022:13:03:03 +0300] "GET /auth.php HTTP/1.1" 200 876
::1 - - [21/Nov/2022:13:03:05 +0300] "GET /registr.php HTTP/1.1" 200 747
::1 - - [21/Nov/2022:13:03:06 +0300] "GET /check.php?email=&password=&continue=%D0%9F%D0%BE%D0%B4%D0%B0%D1%87%D0%B0+%D0%B7%D0%B0%D0%BF%D1%80%D0%BE%D1%81%D0%B0 HTTP/1.1" 302 -
::1 - - [21/Nov/2022:13:03:06 +0300] "GET /auth.php HTTP/1.1" 200 876
::1 - - [21/Nov/2022:13:03:07 +0300] "GET /registr.php HTTP/1.1" 200 747
::1 - - [21/Nov/2022:13:03:08 +0300] "GET /check.php?email=&password=&continue=%D0%9F%D0%BE%D0%B4%D0%B0%D1%87%D0%B0+%D0%B7%D0%B0%D0%BF%D1%80%D0%BE%D1%81%D0%B0 HTTP/1.1" 302 -
::1 - - [21/Nov/2022:13:03:08 +0300] "GET /auth.php HTTP/1.1" 200 876
::1 - - [21/Nov/2022:13:03:08 +0300] "GET /registr.php HTTP/1.1" 200 747
::1 - - [21/Nov/2022:13:03:08 +0300] "GET /check.php?email=&password=&continue=%D0%9F%D0%BE%D0%B4%D0%B0%D1%87%D0%B0+%D0%B7%D0%B0%D0%BF%D1%80%D0%BE%D1%81%D0%B0 HTTP/1.1" 302 -
::1 - - [21/Nov/2022:13:03:08 +0300] "GET /auth.php HTTP/1.1" 200 876
::1 - - [21/Nov/2022:16:17:31 +0300] "GET /auth.php HTTP/1.1" 200 876
::1 - - [21/Nov/2022:16:17:31 +0300] "GET /css/style.css HTTP/1.1" 304 -
::1 - - [21/Nov/2022:16:17:31 +0300] "GET /favicon.ico HTTP/1.1" 404 196
::1 - - [21/Nov/2022:16:17:38 +0300] "POST /check.php HTTP/1.1" 200 346
::1 - - [21/Nov/2022:16:19:16 +0300] "POST /check.php HTTP/1.1" 302 -
::1 - - [21/Nov/2022:16:19:16 +0300] "GET / HTTP/1.1" 200 838
::1 - - [21/Nov/2022:16:19:22 +0300] "GET /logout.php HTTP/1.1" 302 -
::1 - - [21/Nov/2022:16:19:22 +0300] "GET / HTTP/1.1" 200 842
::1 - - [21/Nov/2022:16:19:24 +0300] "GET /auth.php HTTP/1.1" 200 876
::1 - - [21/Nov/2022:16:19:26 +0300] "GET /registr.php HTTP/1.1" 200 747
::1 - - [21/Nov/2022:16:19:36 +0300] "GET /check.php?email=trololo335417%40mail.ru&password=123123&continue=%D0%9E%D1%82%D0%BF%D1%80%D0%B0%D0%B2%D0%B8%D1%82%D1%8C HTTP/1.1" 302 -
::1 - - [21/Nov/2022:16:19:36 +0300] "GET /auth.php HTTP/1.1" 200 876
::1 - - [21/Nov/2022:16:19:44 +0300] "POST /check.php HTTP/1.1" 302 -
::1 - - [21/Nov/2022:16:19:44 +0300] "GET / HTTP/1.1" 200 838
::1 - - [22/Nov/2022:00:06:02 +0300] "GET /index.php HTTP/1.1" 200 882
::1 - - [22/Nov/2022:00:06:02 +0300] "GET /css/style.css HTTP/1.1" 304 -
::1 - - [22/Nov/2022:00:06:06 +0300] "GET /auth.php HTTP/1.1" 200 865
::1 - - [22/Nov/2022:00:06:21 +0300] "POST /check_auth.php HTTP/1.1" 200 311
::1 - - [22/Nov/2022:00:07:08 +0300] "POST /check_auth.php HTTP/1.1" 200 273
::1 - - [22/Nov/2022:00:09:08 +0300] "POST /check_auth.php HTTP/1.1" 200 470
::1 - - [22/Nov/2022:00:09:56 +0300] "POST /check_auth.php HTTP/1.1" 302 -
::1 - - [22/Nov/2022:00:09:56 +0300] "GET / HTTP/1.1" 200 882
::1 - - [22/Nov/2022:00:09:59 +0300] "GET /auth.php HTTP/1.1" 200 865
::1 - - [22/Nov/2022:00:10:03 +0300] "POST /check_auth.php HTTP/1.1" 302 -
::1 - - [22/Nov/2022:00:10:03 +0300] "GET / HTTP/1.1" 200 882
::1 - - [22/Nov/2022:00:12:25 +0300] "GET / HTTP/1.1" 200 1050
::1 - - [22/Nov/2022:00:12:36 +0300] "GET /auth.php HTTP/1.1" 200 865
::1 - - [22/Nov/2022:00:12:39 +0300] "POST /check_auth.php HTTP/1.1" 302 -
::1 - - [22/Nov/2022:00:12:39 +0300] "GET / HTTP/1.1" 200 1050
::1 - - [22/Nov/2022:00:14:05 +0300] "GET / HTTP/1.1" 200 882
::1 - - [22/Nov/2022:00:14:06 +0300] "GET /auth.php HTTP/1.1" 200 865
::1 - - [22/Nov/2022:00:14:09 +0300] "POST /check_auth.php HTTP/1.1" 302 -
::1 - - [22/Nov/2022:00:14:09 +0300] "GET / HTTP/1.1" 200 882
::1 - - [22/Nov/2022:00:14:27 +0300] "GET /auth.php HTTP/1.1" 200 865
::1 - - [22/Nov/2022:00:14:30 +0300] "POST /check_auth.php HTTP/1.1" 302 -
::1 - - [22/Nov/2022:00:14:30 +0300] "GET / HTTP/1.1" 200 882
::1 - - [22/Nov/2022:00:14:36 +0300] "GET /auth.php HTTP/1.1" 200 865
::1 - - [22/Nov/2022:00:14:38 +0300] "POST /check_auth.php HTTP/1.1" 302 -
::1 - - [22/Nov/2022:00:14:38 +0300] "GET / HTTP/1.1" 200 882
::1 - - [22/Nov/2022:00:15:24 +0300] "GET / HTTP/1.1" 200 882
::1 - - [22/Nov/2022:00:15:26 +0300] "GET / HTTP/1.1" 200 882
::1 - - [22/Nov/2022:00:15:29 +0300] "GET /auth.php HTTP/1.1" 200 865
::1 - - [22/Nov/2022:00:15:31 +0300] "GET /registr.php HTTP/1.1" 404 196
::1 - - [22/Nov/2022:00:15:44 +0300] "GET /registr.php HTTP/1.1" 404 196
::1 - - [22/Nov/2022:00:15:47 +0300] "GET /registr.php HTTP/1.1" 404 196
::1 - - [22/Nov/2022:00:15:53 +0300] "GET /registr.php HTTP/1.1" 404 196
::1 - - [22/Nov/2022:00:15:56 +0300] "GET /auth.php HTTP/1.1" 200 861
::1 - - [22/Nov/2022:00:15:57 +0300] "GET /reg.php HTTP/1.1" 200 943
::1 - - [22/Nov/2022:00:16:08 +0300] "POST /check_reg.php HTTP/1.1" 200 308
::1 - - [22/Nov/2022:00:16:33 +0300] "POST /check_reg.php HTTP/1.1" 200 312
::1 - - [22/Nov/2022:00:17:07 +0300] "POST /check_reg.php HTTP/1.1" 200 15
::1 - - [22/Nov/2022:00:17:21 +0300] "POST /check_auth.php HTTP/1.1" 302 -
::1 - - [22/Nov/2022:00:17:21 +0300] "GET / HTTP/1.1" 200 882
::1 - - [22/Nov/2022:00:18:10 +0300] "GET /auth.php HTTP/1.1" 200 861
::1 - - [22/Nov/2022:00:18:11 +0300] "GET /reg.php HTTP/1.1" 200 943
::1 - - [22/Nov/2022:00:18:26 +0300] "POST /check_reg.php HTTP/1.1" 200 15
::1 - - [22/Nov/2022:00:20:43 +0300] "POST /check_reg.php HTTP/1.1" 200 102
::1 - - [22/Nov/2022:00:21:24 +0300] "GET / HTTP/1.1" 200 882
::1 - - [22/Nov/2022:00:34:31 +0300] "GET /auth.php HTTP/1.1" 200 863
::1 - - [22/Nov/2022:00:34:34 +0300] "POST /check_auth.php HTTP/1.1" 302 -
::1 - - [22/Nov/2022:00:34:34 +0300] "GET / HTTP/1.1" 200 1146
::1 - - [22/Nov/2022:00:35:59 +0300] "GET / HTTP/1.1" 200 882
::1 - - [22/Nov/2022:00:36:00 +0300] "GET /auth.php HTTP/1.1" 200 863
::1 - - [22/Nov/2022:00:36:04 +0300] "POST /check_auth.php HTTP/1.1" 302 -
::1 - - [22/Nov/2022:00:36:04 +0300] "GET / HTTP/1.1" 200 882
::1 - - [22/Nov/2022:00:36:05 +0300] "GET /auth.php HTTP/1.1" 200 863
::1 - - [22/Nov/2022:00:50:28 +0300] "POST /check_auth.php HTTP/1.1" 200 213
::1 - - [22/Nov/2022:00:51:58 +0300] "POST /check_auth.php HTTP/1.1" 302 -
::1 - - [22/Nov/2022:00:51:58 +0300] "GET / HTTP/1.1" 200 1146
::1 - - [22/Nov/2022:00:52:21 +0300] "GET / HTTP/1.1" 200 668
::1 - - [22/Nov/2022:00:53:26 +0300] "GET / HTTP/1.1" 200 1146
::1 - - [22/Nov/2022:01:01:48 +0300] "GET / HTTP/1.1" 200 203
::1 - - [22/Nov/2022:01:03:13 +0300] "GET / HTTP/1.1" 200 1146
::1 - - [22/Nov/2022:01:03:28 +0300] "GET / HTTP/1.1" 200 203
::1 - - [22/Nov/2022:01:03:39 +0300] "GET / HTTP/1.1" 200 999
::1 - - [22/Nov/2022:01:04:22 +0300] "GET / HTTP/1.1" 200 999
::1 - - [22/Nov/2022:01:06:17 +0300] "GET / HTTP/1.1" 200 882
::1 - - [22/Nov/2022:01:06:20 +0300] "GET /auth.php HTTP/1.1" 200 853
::1 - - [22/Nov/2022:01:06:24 +0300] "POST /check_auth.php HTTP/1.1" 302 -
::1 - - [22/Nov/2022:01:06:24 +0300] "GET / HTTP/1.1" 200 882
::1 - - [22/Nov/2022:01:07:00 +0300] "GET /auth.php HTTP/1.1" 200 853
::1 - - [22/Nov/2022:01:07:03 +0300] "POST /check_auth.php HTTP/1.1" 302 -
::1 - - [22/Nov/2022:01:07:03 +0300] "GET / HTTP/1.1" 200 882
::1 - - [22/Nov/2022:01:07:50 +0300] "GET /auth.php HTTP/1.1" 200 853
::1 - - [22/Nov/2022:01:07:55 +0300] "POST /check_auth.php HTTP/1.1" 200 -
::1 - - [22/Nov/2022:01:08:00 +0300] "GET /auth.php HTTP/1.1" 200 853
::1 - - [22/Nov/2022:01:08:02 +0300] "POST /check_auth.php HTTP/1.1" 302 -
::1 - - [22/Nov/2022:01:08:02 +0300] "GET / HTTP/1.1" 200 882
::1 - - [22/Nov/2022:01:08:10 +0300] "GET /auth.php HTTP/1.1" 200 853
::1 - - [22/Nov/2022:01:08:12 +0300] "GET / HTTP/1.1" 200 882
::1 - - [22/Nov/2022:01:08:13 +0300] "GET /auth.php HTTP/1.1" 200 853
::1 - - [22/Nov/2022:01:08:13 +0300] "GET / HTTP/1.1" 200 882
::1 - - [22/Nov/2022:01:08:13 +0300] "GET /auth.php HTTP/1.1" 200 853
::1 - - [22/Nov/2022:01:08:16 +0300] "POST /check_auth.php HTTP/1.1" 200 -
::1 - - [22/Nov/2022:01:09:02 +0300] "POST /check_auth.php HTTP/1.1" 200 -
::1 - - [22/Nov/2022:01:09:03 +0300] "GET /auth.php HTTP/1.1" 200 853
::1 - - [22/Nov/2022:01:09:04 +0300] "POST /check_auth.php HTTP/1.1" 200 -
::1 - - [22/Nov/2022:01:10:15 +0300] "POST /check_auth.php HTTP/1.1" 200 -
::1 - - [22/Nov/2022:01:10:16 +0300] "GET /auth.php HTTP/1.1" 200 853
::1 - - [22/Nov/2022:01:10:17 +0300] "POST /check_auth.php HTTP/1.1" 200 -
::1 - - [22/Nov/2022:01:11:04 +0300] "POST /check_auth.php HTTP/1.1" 200 -
::1 - - [22/Nov/2022:01:11:06 +0300] "GET /auth.php HTTP/1.1" 200 853
::1 - - [22/Nov/2022:01:11:07 +0300] "POST /check_auth.php HTTP/1.1" 200 -
::1 - - [22/Nov/2022:01:12:20 +0300] "POST /check_auth.php HTTP/1.1" 200 6
::1 - - [22/Nov/2022:01:12:39 +0300] "POST /check_auth.php HTTP/1.1" 302 6
::1 - - [22/Nov/2022:01:12:39 +0300] "GET /auth.php HTTP/1.1" 200 853
::1 - - [22/Nov/2022:01:12:53 +0300] "GET /auth.php HTTP/1.1" 200 853
::1 - - [22/Nov/2022:01:12:56 +0300] "POST /check_auth.php HTTP/1.1" 200 6
::1 - - [22/Nov/2022:01:12:58 +0300] "GET /auth.php HTTP/1.1" 200 853
::1 - - [22/Nov/2022:01:17:57 +0300] "POST /check_auth.php HTTP/1.1" 200 6
::1 - - [22/Nov/2022:01:17:58 +0300] "GET /auth.php HTTP/1.1" 200 853
::1 - - [22/Nov/2022:01:18:00 +0300] "POST /check_auth.php HTTP/1.1" 302 -
::1 - - [22/Nov/2022:01:18:00 +0300] "GET / HTTP/1.1" 200 1047
::1 - - [22/Nov/2022:01:19:07 +0300] "GET / HTTP/1.1" 200 1047
::1 - - [22/Nov/2022:01:19:09 +0300] "GET / HTTP/1.1" 200 1047
::1 - - [22/Nov/2022:01:19:10 +0300] "GET /auth.php HTTP/1.1" 200 853
::1 - - [22/Nov/2022:01:19:12 +0300] "POST /check_auth.php HTTP/1.1" 302 -
::1 - - [22/Nov/2022:01:19:12 +0300] "GET / HTTP/1.1" 200 1047
::1 - - [22/Nov/2022:01:19:23 +0300] "GET / HTTP/1.1" 200 1314
::1 - - [22/Nov/2022:01:21:00 +0300] "GET / HTTP/1.1" 200 882
::1 - - [22/Nov/2022:01:21:01 +0300] "GET /auth.php HTTP/1.1" 200 853
::1 - - [22/Nov/2022:01:21:08 +0300] "POST /check_auth.php HTTP/1.1" 302 -
::1 - - [22/Nov/2022:01:21:08 +0300] "GET / HTTP/1.1" 200 882
::1 - - [22/Nov/2022:01:22:22 +0300] "GET / HTTP/1.1" 200 995
::1 - - [22/Nov/2022:01:22:48 +0300] "GET / HTTP/1.1" 200 925
::1 - - [22/Nov/2022:01:23:02 +0300] "GET /auth.php HTTP/1.1" 200 853
::1 - - [22/Nov/2022:01:23:05 +0300] "POST /check_auth.php HTTP/1.1" 302 -
::1 - - [22/Nov/2022:01:23:05 +0300] "GET / HTTP/1.1" 200 925
::1 - - [22/Nov/2022:01:23:35 +0300] "GET / HTTP/1.1" 200 925
::1 - - [22/Nov/2022:01:23:36 +0300] "GET /auth.php HTTP/1.1" 200 853
::1 - - [22/Nov/2022:01:23:56 +0300] "POST /check_auth.php HTTP/1.1" 302 -
::1 - - [22/Nov/2022:01:23:56 +0300] "GET / HTTP/1.1" 200 925
::1 - - [22/Nov/2022:01:23:56 +0300] "GET /css/style.css HTTP/1.1" 200 -
::1 - - [22/Nov/2022:01:25:22 +0300] "GET /auth.php HTTP/1.1" 200 853
::1 - - [22/Nov/2022:01:25:22 +0300] "GET /css/style.css HTTP/1.1" 200 -
::1 - - [22/Nov/2022:01:25:32 +0300] "POST /check_auth.php HTTP/1.1" 302 -
::1 - - [22/Nov/2022:01:25:32 +0300] "GET / HTTP/1.1" 200 925
::1 - - [22/Nov/2022:01:25:32 +0300] "GET /css/style.css HTTP/1.1" 200 -
::1 - - [22/Nov/2022:01:29:00 +0300] "GET / HTTP/1.1" 200 925
::1 - - [22/Nov/2022:01:29:05 +0300] "GET / HTTP/1.1" 200 925
::1 - - [22/Nov/2022:01:30:19 +0300] "GET / HTTP/1.1" 200 925
::1 - - [22/Nov/2022:01:30:23 +0300] "GET /auth.php HTTP/1.1" 200 853
::1 - - [22/Nov/2022:01:30:26 +0300] "POST /check_auth.php HTTP/1.1" 302 -
::1 - - [22/Nov/2022:01:30:26 +0300] "GET / HTTP/1.1" 200 933
::1 - - [22/Nov/2022:01:30:36 +0300] "GET /logout.php HTTP/1.1" 302 -
::1 - - [22/Nov/2022:01:30:36 +0300] "GET / HTTP/1.1" 200 1012
::1 - - [22/Nov/2022:01:31:59 +0300] "GET / HTTP/1.1" 200 1012
::1 - - [22/Nov/2022:01:32:00 +0300] "GET /auth.php HTTP/1.1" 200 853
::1 - - [22/Nov/2022:01:32:02 +0300] "GET /auth.php HTTP/1.1" 200 853
::1 - - [22/Nov/2022:01:32:02 +0300] "GET / HTTP/1.1" 200 1012
::1 - - [22/Nov/2022:01:32:03 +0300] "GET / HTTP/1.1" 200 1012
::1 - - [22/Nov/2022:01:32:03 +0300] "GET / HTTP/1.1" 200 1012
::1 - - [22/Nov/2022:01:32:03 +0300] "GET / HTTP/1.1" 200 1012
::1 - - [22/Nov/2022:01:32:38 +0300] "GET / HTTP/1.1" 200 895
::1 - - [22/Nov/2022:01:32:39 +0300] "GET /auth.php HTTP/1.1" 200 853
::1 - - [22/Nov/2022:01:32:41 +0300] "POST /check_auth.php HTTP/1.1" 302 -
::1 - - [22/Nov/2022:01:32:41 +0300] "GET / HTTP/1.1" 200 933
::1 - - [22/Nov/2022:01:32:44 +0300] "GET /logout.php HTTP/1.1" 302 -
::1 - - [22/Nov/2022:01:32:44 +0300] "GET / HTTP/1.1" 200 925
::1 - - [22/Nov/2022:12:25:05 +0300] "GET / HTTP/1.1" 200 895
::1 - - [22/Nov/2022:12:25:05 +0300] "GET /css/style.css HTTP/1.1" 304 -
::1 - - [22/Nov/2022:12:25:06 +0300] "GET /favicon.ico HTTP/1.1" 404 196
::1 - - [22/Nov/2022:12:25:22 +0300] "GET / HTTP/1.1" 200 882
::1 - - [22/Nov/2022:12:25:23 +0300] "GET /auth.php HTTP/1.1" 200 853
::1 - - [22/Nov/2022:12:25:26 +0300] "GET /reg.php HTTP/1.1" 200 943
::1 - - [22/Nov/2022:12:25:38 +0300] "POST /check_reg.php HTTP/1.1" 200 201
::1 - - [22/Nov/2022:12:26:23 +0300] "GET / HTTP/1.1" 200 882
::1 - - [22/Nov/2022:12:28:00 +0300] "POST /check_reg.php HTTP/1.1" 200 205
::1 - - [22/Nov/2022:12:50:17 +0300] "GET / HTTP/1.1" 200 882
::1 - - [22/Nov/2022:12:50:18 +0300] "GET /auth.php HTTP/1.1" 200 978
::1 - - [22/Nov/2022:12:51:47 +0300] "GET /auth.php HTTP/1.1" 200 1079
::1 - - [22/Nov/2022:12:52:32 +0300] "GET /auth.php HTTP/1.1" 200 1053
::1 - - [22/Nov/2022:12:53:56 +0300] "GET /auth.php HTTP/1.1" 200 1070
::1 - - [22/Nov/2022:12:54:08 +0300] "GET /auth.php HTTP/1.1" 200 1087
::1 - - [22/Nov/2022:12:58:22 +0300] "GET /auth.php HTTP/1.1" 200 1087
::1 - - [22/Nov/2022:12:58:23 +0300] "GET /auth.php HTTP/1.1" 200 1087
::1 - - [22/Nov/2022:13:00:31 +0300] "GET /auth.php HTTP/1.1" 200 1092
::1 - - [22/Nov/2022:13:00:49 +0300] "GET /auth.php HTTP/1.1" 200 1092
::1 - - [22/Nov/2022:13:00:55 +0300] "GET /auth.php HTTP/1.1" 200 1092
::1 - - [22/Nov/2022:13:01:12 +0300] "GET /auth.php HTTP/1.1" 200 1094
::1 - - [22/Nov/2022:13:05:17 +0300] "GET /reg.php HTTP/1.1" 200 1563
::1 - - [22/Nov/2022:13:06:11 +0300] "GET /reg.php HTTP/1.1" 200 1557
::1 - - [22/Nov/2022:13:06:27 +0300] "GET /reg.php HTTP/1.1" 200 1574
::1 - - [22/Nov/2022:13:10:12 +0300] "GET /reg.php HTTP/1.1" 200 1465
::1 - - [22/Nov/2022:13:12:16 +0300] "GET /reg.php HTTP/1.1" 200 1465
::1 - - [22/Nov/2022:13:12:33 +0300] "POST /check_reg.php HTTP/1.1" 302 -
::1 - - [22/Nov/2022:13:12:33 +0300] "GET /reg.php HTTP/1.1" 200 1465
::1 - - [22/Nov/2022:13:14:52 +0300] "GET /reg.php HTTP/1.1" 200 1465
::1 - - [22/Nov/2022:13:15:00 +0300] "POST /check_reg.php HTTP/1.1" 302 -
::1 - - [22/Nov/2022:13:15:00 +0300] "GET /reg.php HTTP/1.1" 200 1465
::1 - - [22/Nov/2022:13:16:24 +0300] "POST /check_reg.php HTTP/1.1" 302 -
::1 - - [22/Nov/2022:13:16:24 +0300] "GET /reg.php HTTP/1.1" 200 1491
::1 - - [22/Nov/2022:13:16:33 +0300] "POST /check_reg.php HTTP/1.1" 302 -
::1 - - [22/Nov/2022:13:16:33 +0300] "GET /reg.php HTTP/1.1" 200 1491
::1 - - [22/Nov/2022:13:18:57 +0300] "GET /reg.php HTTP/1.1" 200 1490
::1 - - [22/Nov/2022:13:18:59 +0300] "POST /check_reg.php HTTP/1.1" 302 -
::1 - - [22/Nov/2022:13:18:59 +0300] "GET /reg.php HTTP/1.1" 200 1490
::1 - - [22/Nov/2022:13:19:00 +0300] "GET / HTTP/1.1" 200 882
::1 - - [22/Nov/2022:13:19:01 +0300] "GET /reg.php HTTP/1.1" 200 1490
::1 - - [22/Nov/2022:13:19:07 +0300] "POST /check_reg.php HTTP/1.1" 302 -
::1 - - [22/Nov/2022:13:19:07 +0300] "GET /reg.php HTTP/1.1" 200 1490
::1 - - [22/Nov/2022:13:23:59 +0300] "GET /reg.php HTTP/1.1" 200 1402
::1 - - [22/Nov/2022:13:24:07 +0300] "POST /check_reg.php HTTP/1.1" 302 -
::1 - - [22/Nov/2022:13:24:07 +0300] "GET /reg.php HTTP/1.1" 200 1402
::1 - - [22/Nov/2022:13:25:23 +0300] "GET / HTTP/1.1" 200 882
::1 - - [22/Nov/2022:13:25:24 +0300] "GET /auth.php HTTP/1.1" 200 1086
::1 - - [22/Nov/2022:13:25:29 +0300] "POST /check_auth.php HTTP/1.1" 200 6
::1 - - [22/Nov/2022:13:26:10 +0300] "POST /check_auth.php HTTP/1.1" 200 6
::1 - - [22/Nov/2022:13:27:43 +0300] "GET /auth.php HTTP/1.1" 200 1086
::1 - - [22/Nov/2022:13:27:47 +0300] "POST /check_auth.php HTTP/1.1" 200 6
::1 - - [22/Nov/2022:13:27:48 +0300] "GET /auth.php HTTP/1.1" 200 1086
::1 - - [22/Nov/2022:13:27:49 +0300] "GET / HTTP/1.1" 200 882
::1 - - [22/Nov/2022:13:27:52 +0300] "GET /auth.php HTTP/1.1" 200 1086
::1 - - [22/Nov/2022:13:27:56 +0300] "GET /reg.php HTTP/1.1" 200 1402
::1 - - [22/Nov/2022:13:28:00 +0300] "POST /check_reg.php HTTP/1.1" 302 -
::1 - - [22/Nov/2022:13:28:00 +0300] "GET /reg.php HTTP/1.1" 200 1533
::1 - - [22/Nov/2022:13:28:04 +0300] "GET /reg.php HTTP/1.1" 200 1533
::1 - - [22/Nov/2022:13:28:05 +0300] "GET /reg.php HTTP/1.1" 200 1533
::1 - - [22/Nov/2022:13:28:06 +0300] "GET /reg.php HTTP/1.1" 200 1533
::1 - - [22/Nov/2022:13:28:06 +0300] "GET /reg.php HTTP/1.1" 200 1533
::1 - - [22/Nov/2022:13:28:36 +0300] "GET /reg.php HTTP/1.1" 200 1533
::1 - - [22/Nov/2022:13:28:43 +0300] "POST /check_reg.php HTTP/1.1" 302 -
::1 - - [22/Nov/2022:13:28:43 +0300] "GET /reg.php HTTP/1.1" 200 1533
::1 - - [22/Nov/2022:13:28:47 +0300] "GET /reg.php HTTP/1.1" 200 1402
::1 - - [22/Nov/2022:13:28:47 +0300] "GET /reg.php HTTP/1.1" 200 1402
::1 - - [22/Nov/2022:13:28:53 +0300] "POST /check_reg.php HTTP/1.1" 302 -
::1 - - [22/Nov/2022:13:28:53 +0300] "GET /reg.php HTTP/1.1" 200 1533
::1 - - [22/Nov/2022:13:29:00 +0300] "POST /check_reg.php HTTP/1.1" 302 -
::1 - - [22/Nov/2022:13:29:00 +0300] "GET /reg.php HTTP/1.1" 200 1533
::1 - - [22/Nov/2022:13:31:54 +0300] "GET / HTTP/1.1" 200 882
::1 - - [22/Nov/2022:13:31:55 +0300] "GET /auth.php HTTP/1.1" 200 1094
::1 - - [22/Nov/2022:13:32:01 +0300] "POST /check_auth.php HTTP/1.1" 200 6
::1 - - [22/Nov/2022:13:34:48 +0300] "POST /check_auth.php HTTP/1.1" 200 6
::1 - - [22/Nov/2022:13:35:12 +0300] "POST /check_auth.php HTTP/1.1" 200 118
::1 - - [22/Nov/2022:13:35:29 +0300] "POST /check_auth.php HTTP/1.1" 200 13
::1 - - [22/Nov/2022:13:37:49 +0300] "POST /check_auth.php HTTP/1.1" 200 6
::1 - - [22/Nov/2022:13:38:52 +0300] "GET /auth.php HTTP/1.1" 200 1094
::1 - - [22/Nov/2022:13:38:53 +0300] "GET /auth.php HTTP/1.1" 200 1094
::1 - - [22/Nov/2022:13:39:22 +0300] "GET /auth.php HTTP/1.1" 200 1094
::1 - - [22/Nov/2022:13:39:22 +0300] "GET /css/style.css HTTP/1.1" 200 -
::1 - - [22/Nov/2022:13:40:01 +0300] "POST /check_auth.php HTTP/1.1" 200 6
::1 - - [22/Nov/2022:13:40:09 +0300] "GET /auth.php HTTP/1.1" 200 1094
::1 - - [22/Nov/2022:13:40:09 +0300] "GET /css/style.css HTTP/1.1" 200 -
::1 - - [22/Nov/2022:13:41:14 +0300] "POST /check_auth.php HTTP/1.1" 200 6
::1 - - [22/Nov/2022:13:41:17 +0300] "GET /auth.php HTTP/1.1" 200 1094
::1 - - [22/Nov/2022:13:41:17 +0300] "GET /css/style.css HTTP/1.1" 200 -
::1 - - [22/Nov/2022:13:41:24 +0300] "POST /check_auth.php HTTP/1.1" 200 6
::1 - - [22/Nov/2022:13:41:27 +0300] "GET /auth.php HTTP/1.1" 200 1094
::1 - - [22/Nov/2022:13:41:27 +0300] "GET /css/style.css HTTP/1.1" 200 -
::1 - - [22/Nov/2022:13:41:29 +0300] "POST /check_auth.php HTTP/1.1" 200 6
::1 - - [22/Nov/2022:13:41:30 +0300] "GET /auth.php HTTP/1.1" 200 1094
::1 - - [22/Nov/2022:13:41:30 +0300] "GET /css/style.css HTTP/1.1" 200 -
::1 - - [22/Nov/2022:13:43:32 +0300] "POST /check_auth.php HTTP/1.1" 200 6
::1 - - [22/Nov/2022:13:43:36 +0300] "GET /auth.php HTTP/1.1" 200 1094
::1 - - [22/Nov/2022:13:43:36 +0300] "GET /css/style.css HTTP/1.1" 200 -
::1 - - [22/Nov/2022:13:51:34 +0300] "POST /check_auth.php HTTP/1.1" 200 6
::1 - - [22/Nov/2022:13:51:55 +0300] "POST /check_auth.php HTTP/1.1" 200 209
::1 - - [22/Nov/2022:13:52:08 +0300] "POST /check_auth.php HTTP/1.1" 200 209
::1 - - [22/Nov/2022:13:52:32 +0300] "POST /check_auth.php HTTP/1.1" 200 13
::1 - - [22/Nov/2022:13:56:14 +0300] "POST /check_auth.php HTTP/1.1" 200 13
::1 - - [22/Nov/2022:13:56:15 +0300] "POST /check_auth.php HTTP/1.1" 200 13
::1 - - [22/Nov/2022:13:56:16 +0300] "GET /auth.php HTTP/1.1" 200 1097
::1 - - [22/Nov/2022:13:56:18 +0300] "POST /check_auth.php HTTP/1.1" 200 13
::1 - - [22/Nov/2022:14:03:49 +0300] "POST /check_auth.php HTTP/1.1" 200 13
::1 - - [22/Nov/2022:14:03:51 +0300] "GET /auth.php HTTP/1.1" 200 1102
::1 - - [22/Nov/2022:14:03:54 +0300] "POST /check_auth.php HTTP/1.1" 200 13
::1 - - [22/Nov/2022:14:09:32 +0300] "POST /check_auth.php HTTP/1.1" 200 13
::1 - - [22/Nov/2022:14:09:33 +0300] "GET /auth.php HTTP/1.1" 200 1102
::1 - - [22/Nov/2022:14:09:34 +0300] "GET / HTTP/1.1" 200 882
::1 - - [22/Nov/2022:14:09:36 +0300] "GET / HTTP/1.1" 200 882
::1 - - [22/Nov/2022:14:09:36 +0300] "GET /css/style.css HTTP/1.1" 304 -
::1 - - [22/Nov/2022:14:09:37 +0300] "GET /auth.php HTTP/1.1" 200 1102
::1 - - [22/Nov/2022:14:09:41 +0300] "POST /check_auth.php HTTP/1.1" 200 13
::1 - - [22/Nov/2022:14:16:23 +0300] "POST /check_auth.php HTTP/1.1" 200 6
::1 - - [22/Nov/2022:14:16:25 +0300] "GET /auth.php HTTP/1.1" 200 1131
::1 - - [22/Nov/2022:14:16:25 +0300] "GET / HTTP/1.1" 200 882
::1 - - [22/Nov/2022:14:16:27 +0300] "GET /auth.php HTTP/1.1" 200 1131
::1 - - [22/Nov/2022:14:16:30 +0300] "POST /check_auth.php HTTP/1.1" 302 -
::1 - - [22/Nov/2022:14:16:30 +0300] "GET / HTTP/1.1" 200 884
::1 - - [22/Nov/2022:14:16:38 +0300] "GET /css/style.css HTTP/1.1" 304 -
::1 - - [22/Nov/2022:14:17:11 +0300] "GET /logout.php HTTP/1.1" 302 -
::1 - - [22/Nov/2022:14:17:11 +0300] "GET / HTTP/1.1" 200 882
::1 - - [22/Nov/2022:14:17:31 +0300] "GET /auth.php HTTP/1.1" 200 1131
::1 - - [22/Nov/2022:14:17:32 +0300] "GET /reg.php HTTP/1.1" 200 1444
::1 - - [22/Nov/2022:14:17:50 +0300] "POST /check_reg.php HTTP/1.1" 302 -
::1 - - [22/Nov/2022:14:17:50 +0300] "GET /auth.php HTTP/1.1" 200 1255
::1 - - [22/Nov/2022:14:17:58 +0300] "POST /check_auth.php HTTP/1.1" 302 -
::1 - - [22/Nov/2022:14:17:58 +0300] "GET / HTTP/1.1" 200 884
::1 - - [22/Nov/2022:14:17:59 +0300] "GET /auth.php HTTP/1.1" 200 1131
::1 - - [22/Nov/2022:14:18:52 +0300] "GET /reg.php HTTP/1.1" 200 1444
::1 - - [22/Nov/2022:14:19:01 +0300] "POST /check_reg.php HTTP/1.1" 302 -
::1 - - [22/Nov/2022:14:19:01 +0300] "GET /auth.php HTTP/1.1" 200 1275
::1 - - [22/Nov/2022:15:02:34 +0300] "GET /reg.php HTTP/1.1" 200 1444
::1 - - [22/Nov/2022:15:02:34 +0300] "GET /auth.php HTTP/1.1" 200 1119
::1 - - [22/Nov/2022:15:02:35 +0300] "GET /reg.php HTTP/1.1" 200 1444
::1 - - [22/Nov/2022:15:02:35 +0300] "GET /auth.php HTTP/1.1" 200 1119
::1 - - [22/Nov/2022:15:02:35 +0300] "GET / HTTP/1.1" 200 884
::1 - - [22/Nov/2022:15:02:35 +0300] "GET / HTTP/1.1" 200 884
::1 - - [22/Nov/2022:15:02:35 +0300] "GET /auth.php HTTP/1.1" 200 1119
::1 - - [22/Nov/2022:15:02:37 +0300] "GET / HTTP/1.1" 200 884
::1 - - [22/Nov/2022:15:02:38 +0300] "GET / HTTP/1.1" 200 884
::1 - - [22/Nov/2022:15:02:38 +0300] "GET /css/style.css HTTP/1.1" 304 -
::1 - - [22/Nov/2022:15:02:39 +0300] "GET /logout.php HTTP/1.1" 302 -
::1 - - [22/Nov/2022:15:02:39 +0300] "GET / HTTP/1.1" 200 882
::1 - - [22/Nov/2022:15:02:41 +0300] "GET /auth.php HTTP/1.1" 200 1119
::1 - - [22/Nov/2022:15:02:42 +0300] "GET / HTTP/1.1" 200 882
::1 - - [22/Nov/2022:15:02:43 +0300] "GET / HTTP/1.1" 200 882
::1 - - [22/Nov/2022:15:02:44 +0300] "GET /auth.php HTTP/1.1" 200 1119
::1 - - [22/Nov/2022:15:02:45 +0300] "GET / HTTP/1.1" 200 882
::1 - - [22/Nov/2022:15:02:46 +0300] "GET /auth.php HTTP/1.1" 200 1119
::1 - - [22/Nov/2022:15:02:49 +0300] "POST /check_auth.php HTTP/1.1" 200 215
::1 - - [22/Nov/2022:15:03:26 +0300] "POST /check_auth.php HTTP/1.1" 200 6
::1 - - [22/Nov/2022:15:03:27 +0300] "GET /auth.php HTTP/1.1" 200 1119
::1 - - [22/Nov/2022:15:03:30 +0300] "POST /check_auth.php HTTP/1.1" 200 6
::1 - - [22/Nov/2022:15:04:28 +0300] "POST /check_auth.php HTTP/1.1" 200 6
::1 - - [22/Nov/2022:15:04:29 +0300] "POST /check_auth.php HTTP/1.1" 200 6
::1 - - [22/Nov/2022:15:04:49 +0300] "POST /check_auth.php HTTP/1.1" 200 117
::1 - - [22/Nov/2022:15:05:04 +0300] "POST /check_auth.php HTTP/1.1" 200 117
::1 - - [22/Nov/2022:15:05:06 +0300] "POST /check_auth.php HTTP/1.1" 200 117
::1 - - [22/Nov/2022:15:05:20 +0300] "POST /check_auth.php HTTP/1.1" 200 78
::1 - - [22/Nov/2022:15:05:31 +0300] "GET /auth.php HTTP/1.1" 200 1119
::1 - - [22/Nov/2022:15:05:34 +0300] "POST /check_auth.php HTTP/1.1" 200 78
::1 - - [22/Nov/2022:15:05:35 +0300] "GET /auth.php HTTP/1.1" 200 1119
::1 - - [22/Nov/2022:15:05:41 +0300] "POST /check_auth.php HTTP/1.1" 302 -
::1 - - [22/Nov/2022:15:05:41 +0300] "GET / HTTP/1.1" 200 884
::1 - - [22/Nov/2022:15:05:43 +0300] "GET /logout.php HTTP/1.1" 302 -
::1 - - [22/Nov/2022:15:05:43 +0300] "GET / HTTP/1.1" 200 882
::1 - - [22/Nov/2022:15:05:44 +0300] "GET /auth.php HTTP/1.1" 200 1119
::1 - - [22/Nov/2022:15:05:45 +0300] "GET /reg.php HTTP/1.1" 200 1444
::1 - - [22/Nov/2022:15:05:58 +0300] "POST /check_reg.php HTTP/1.1" 302 -
::1 - - [22/Nov/2022:15:05:58 +0300] "GET /auth.php HTTP/1.1" 200 1275
::1 - - [22/Nov/2022:15:06:11 +0300] "POST /check_auth.php HTTP/1.1" 302 -
::1 - - [22/Nov/2022:15:06:11 +0300] "GET / HTTP/1.1" 200 884
::1 - - [22/Nov/2022:15:09:05 +0300] "GET /logout.php HTTP/1.1" 302 -
::1 - - [22/Nov/2022:15:09:05 +0300] "GET / HTTP/1.1" 200 882
::1 - - [22/Nov/2022:15:09:06 +0300] "GET /auth.php HTTP/1.1" 200 1119
::1 - - [22/Nov/2022:15:09:10 +0300] "POST /check_auth.php HTTP/1.1" 302 -
::1 - - [22/Nov/2022:15:09:10 +0300] "GET /auth.php HTTP/1.1" 200 1283
::1 - - [22/Nov/2022:15:11:34 +0300] "GET /auth.php HTTP/1.1" 200 192
::1 - - [22/Nov/2022:15:11:54 +0300] "GET /auth.php HTTP/1.1" 200 1259
::1 - - [22/Nov/2022:15:11:56 +0300] "GET /auth.php HTTP/1.1" 200 1259
::1 - - [22/Nov/2022:15:11:56 +0300] "GET /auth.php HTTP/1.1" 200 1259
::1 - - [22/Nov/2022:15:12:18 +0300] "POST /check_auth.php HTTP/1.1" 302 -
::1 - - [22/Nov/2022:15:12:18 +0300] "GET /auth.php HTTP/1.1" 200 1259
::1 - - [22/Nov/2022:15:12:21 +0300] "GET /auth.php HTTP/1.1" 200 1259
::1 - - [22/Nov/2022:15:14:03 +0300] "GET /auth.php HTTP/1.1" 200 1259
::1 - - [22/Nov/2022:15:14:04 +0300] "GET /auth.php HTTP/1.1" 200 1259
::1 - - [22/Nov/2022:15:14:04 +0300] "GET /auth.php HTTP/1.1" 200 1259
::1 - - [22/Nov/2022:15:14:05 +0300] "GET /reg.php HTTP/1.1" 200 1444
::1 - - [22/Nov/2022:15:14:08 +0300] "GET / HTTP/1.1" 200 882
::1 - - [22/Nov/2022:15:14:09 +0300] "GET /auth.php HTTP/1.1" 200 1259
::1 - - [22/Nov/2022:15:14:45 +0300] "GET /auth.php HTTP/1.1" 200 1259
::1 - - [22/Nov/2022:15:14:46 +0300] "GET /auth.php HTTP/1.1" 200 1259
::1 - - [22/Nov/2022:15:14:46 +0300] "GET /auth.php HTTP/1.1" 200 1259
::1 - - [22/Nov/2022:15:15:04 +0300] "GET /auth.php HTTP/1.1" 200 1339
::1 - - [22/Nov/2022:15:15:04 +0300] "GET /css/style.css HTTP/1.1" 304 -
::1 - - [22/Nov/2022:15:15:23 +0300] "GET /auth.php HTTP/1.1" 200 1339
::1 - - [22/Nov/2022:15:16:37 +0300] "GET /auth.php HTTP/1.1" 200 1355
::1 - - [22/Nov/2022:15:17:59 +0300] "GET / HTTP/1.1" 200 882
::1 - - [22/Nov/2022:15:18:00 +0300] "GET /auth.php HTTP/1.1" 200 1355
::1 - - [22/Nov/2022:15:20:52 +0300] "GET /auth.php HTTP/1.1" 200 108
::1 - - [22/Nov/2022:15:21:20 +0300] "GET /auth.php HTTP/1.1" 200 1135
::1 - - [22/Nov/2022:15:21:25 +0300] "POST /check_auth.php HTTP/1.1" 302 -
::1 - - [22/Nov/2022:15:21:25 +0300] "GET /auth.php HTTP/1.1" 200 1298
::1 - - [22/Nov/2022:15:21:28 +0300] "GET /auth.php HTTP/1.1" 200 1135
::1 - - [22/Nov/2022:15:21:29 +0300] "GET /auth.php HTTP/1.1" 200 1135
::1 - - [22/Nov/2022:15:21:29 +0300] "GET / HTTP/1.1" 200 882
::1 - - [22/Nov/2022:15:21:31 +0300] "GET /auth.php HTTP/1.1" 200 1135
::1 - - [22/Nov/2022:15:21:32 +0300] "GET /reg.php HTTP/1.1" 200 1444
::1 - - [22/Nov/2022:15:21:40 +0300] "POST /check_reg.php HTTP/1.1" 302 -
::1 - - [22/Nov/2022:15:21:40 +0300] "GET /auth.php HTTP/1.1" 200 1291
::1 - - [22/Nov/2022:15:21:55 +0300] "POST /check_auth.php HTTP/1.1" 302 -
::1 - - [22/Nov/2022:15:21:55 +0300] "GET / HTTP/1.1" 200 884
::1 - - [22/Nov/2022:15:21:59 +0300] "GET /logout.php HTTP/1.1" 302 -
::1 - - [22/Nov/2022:15:21:59 +0300] "GET / HTTP/1.1" 200 882
